Build started 24/09/2015 16:56:30.
     1>Project "H:\Tetris 05-07-15\Tetris\Tetris.vcxproj" on node 2 (Build target(s)).
     1>ClCompile:
         C:\Program Files (x86)\Microsoft Visual Studio 12.0\VC\bin\CL.exe /c /I"H:\Tetris 05-07-15\Tetris\SDL2-devel-2.0.3-VC\SDL2-2.0.3\include" /I"H:\Tetris 05-07-15\Tetris\SDL2 Expansion image-devel-2.0.0-VC\SDL2_image-2.0.0\include" /Zi /nologo /W3 /WX- /sdl /O2 /Oi /Oy- /GL /D _MBCS /Gm- /EHsc /MD /GS /Gy /fp:precise /Zc:wchar_t /Zc:forScope /Fo"Release\\" /Fd"Release\vc120.pdb" /Gd /TP /analyze- /errorReport:prompt block.cpp board.cpp core.cpp main.cpp utilities.cpp
         block.cpp
     1>block.cpp(52): warning C4018: '<' : signed/unsigned mismatch
     1>block.cpp(55): warning C4018: '<' : signed/unsigned mismatch
     1>block.cpp(165): warning C4018: '<' : signed/unsigned mismatch
         board.cpp
     1>board.cpp(27): warning C4018: '<' : signed/unsigned mismatch
     1>board.cpp(44): warning C4018: '<' : signed/unsigned mismatch
     1>board.cpp(70): warning C4018: '<' : signed/unsigned mismatch
     1>board.cpp(105): warning C4018: '<' : signed/unsigned mismatch
     1>board.cpp(134): warning C4018: '<' : signed/unsigned mismatch
     1>board.cpp(137): warning C4018: '<' : signed/unsigned mismatch
         core.cpp
     1>core.cpp(86): warning C4018: '<' : signed/unsigned mismatch
         main.cpp
         utilities.cpp
     1>utilities.cpp(114): warning C4101: 'block' : unreferenced local variable
     1>utilities.cpp(162): warning C4018: '<' : signed/unsigned mismatch
     1>utilities.cpp(169): warning C4018: '<' : signed/unsigned mismatch
     1>utilities.cpp(176): warning C4018: '<' : signed/unsigned mismatch
     1>utilities.cpp(183): warning C4018: '<' : signed/unsigned mismatch
     1>utilities.cpp(190): warning C4018: '<' : signed/unsigned mismatch
     1>utilities.cpp(204): warning C4018: '<' : signed/unsigned mismatch
     1>utilities.cpp(293): warning C4018: '<' : signed/unsigned mismatch
       Link:
         C:\Program Files (x86)\Microsoft Visual Studio 12.0\VC\bin\link.exe /ERRORREPORT:PROMPT /OUT:"H:\Tetris 05-07-15\Release\Tetris.exe" /NOLOGO /LIBPATH:"H:\Tetris 05-07-15\Tetris\SDL2-devel-2.0.3-VC\SDL2-2.0.3\lib\x86" /LIBPATH:"H:\Tetris 05-07-15\Tetris\SDL2 Expansion image-devel-2.0.0-VC\SDL2_image-2.0.0\lib\x86" SDL2.lib SDL2main.lib SDL2_image.lib kernel32.lib user32.lib gdi32.lib winspool.lib comdlg32.lib advapi32.lib shell32.lib ole32.lib oleaut32.lib uuid.lib odbc32.lib odbccp32.lib /MANIFEST /MANIFESTUAC:"level='asInvoker' uiAccess='false'" /manifest:embed /DEBUG /PDB:"H:\Tetris 05-07-15\Release\Tetris.pdb" /SUBSYSTEM:CONSOLE /OPT:REF /OPT:ICF /LTCG /TLBID:1 /DYNAMICBASE /NXCOMPAT /IMPLIB:"H:\Tetris 05-07-15\Release\Tetris.lib" /MACHINE:X86 /SAFESEH Release\block.obj
         Release\board.obj
         Release\core.obj
         Release\main.obj
         Release\utilities.obj
         Generating code
         Finished generating code
         Tetris.vcxproj -> H:\Tetris 05-07-15\Release\Tetris.exe
     1>Done Building Project "H:\Tetris 05-07-15\Tetris\Tetris.vcxproj" (Build target(s)).

Build succeeded.

Time Elapsed 00:00:16.42
